[debug] [2019-05-10T22:10:18.989Z] ----------------------------------------------------------------------
[debug] [2019-05-10T22:10:18.991Z] Command:       C:\Program Files\nodejs\node.exe C:\Users\santy\AppData\Roaming\npm\node_modules\firebase-tools\lib\bin\firebase.js serve --only functions
[debug] [2019-05-10T22:10:18.992Z] CLI Version:   6.9.1
[debug] [2019-05-10T22:10:18.992Z] Platform:      win32
[debug] [2019-05-10T22:10:18.992Z] Node Version:  v11.0.0
[debug] [2019-05-10T22:10:18.993Z] Time:          Fri May 10 2019 19:10:18 GMT-0300 (GMT-03:00)
[debug] [2019-05-10T22:10:18.993Z] ----------------------------------------------------------------------
[debug] 
[debug] [2019-05-10T22:10:19.009Z] > command requires scopes: ["email","openid","https://www.googleapis.com/auth/cloudplatformprojects.readonly","https://www.googleapis.com/auth/firebase","https://www.googleapis.com/auth/cloud-platform"]
[debug] [2019-05-10T22:10:19.010Z] > authorizing via signed-in user
[debug] [2019-05-10T22:10:19.010Z] [iam] checking project modulogestionmedicamentos for permissions ["firebase.projects.get"]
[debug] [2019-05-10T22:10:19.012Z] >>> HTTP REQUEST POST https://cloudresourcemanager.googleapis.com/v1/projects/modulogestionmedicamentos:testIamPermissions  

[debug] [2019-05-10T22:10:21.367Z] <<< HTTP RESPONSE 200
[debug] [2019-05-10T22:10:21.370Z] >>> HTTP REQUEST GET https://cloudresourcemanager.googleapis.com/v1/projects/modulogestionmedicamentos  
 
[debug] [2019-05-10T22:10:22.549Z] <<< HTTP RESPONSE 200
[warn] !  Your requested "node" version "8" doesn't match your global version "11"
[debug] [2019-05-10T22:10:22.570Z] >>> HTTP REQUEST GET https://mobilesdk-pa.googleapis.com/v1/projects/51202560735:getServerAppConfig  
 
[debug] [2019-05-10T22:10:23.024Z] <<< HTTP RESPONSE 200
[info] +  functions: Emulator started at http://localhost:5001
[info] i  functions: Watching "C:\Users\santy\Documents\GitHub\ModuloGestionMedicamentos\functions" for Cloud Functions...
[debug] [2019-05-10T22:10:23.656Z] Functions runtime initialized.
[debug] [2019-05-10T22:10:23.657Z] Disabled runtime features: {"functions_config_helper":true,"network_filtering":true,"timeout":true,"memory_limiting":true,"protect_env":true,"admin_stubs":true}
[warn] !  The Cloud Functions emulator requires the module "firebase-admin" to be installed. This package is in your package.json, but it's not available. You probably need to run "npm install" in your functions directory.
[info] i  functions: Your functions could not be parsed due to an issue with your node_modules (see above)
[debug] [2019-05-10T22:12:29.628Z] ----------------------------------------------------------------------
[debug] [2019-05-10T22:12:29.631Z] Command:       C:\Program Files\nodejs\node.exe C:\Users\santy\AppData\Roaming\npm\node_modules\firebase-tools\lib\bin\firebase.js serve --only functions
[debug] [2019-05-10T22:12:29.632Z] CLI Version:   6.9.1
[debug] [2019-05-10T22:12:29.632Z] Platform:      win32
[debug] [2019-05-10T22:12:29.632Z] Node Version:  v11.0.0
[debug] [2019-05-10T22:12:29.635Z] Time:          Fri May 10 2019 19:12:29 GMT-0300 (GMT-03:00)
[debug] [2019-05-10T22:12:29.635Z] ----------------------------------------------------------------------
[debug] 
[debug] [2019-05-10T22:12:29.666Z] > command requires scopes: ["email","openid","https://www.googleapis.com/auth/cloudplatformprojects.readonly","https://www.googleapis.com/auth/firebase","https://www.googleapis.com/auth/cloud-platform"]
[debug] [2019-05-10T22:12:29.668Z] > authorizing via signed-in user
[debug] [2019-05-10T22:12:29.668Z] [iam] checking project modulogestionmedicamentos for permissions ["firebase.projects.get"]
[debug] [2019-05-10T22:12:29.674Z] >>> HTTP REQUEST POST https://cloudresourcemanager.googleapis.com/v1/projects/modulogestionmedicamentos:testIamPermissions  

[debug] [2019-05-10T22:12:31.009Z] <<< HTTP RESPONSE 200
[debug] [2019-05-10T22:12:31.011Z] >>> HTTP REQUEST GET https://cloudresourcemanager.googleapis.com/v1/projects/modulogestionmedicamentos  
 
[debug] [2019-05-10T22:12:32.235Z] <<< HTTP RESPONSE 200
[warn] !  Your requested "node" version "8" doesn't match your global version "11"
[debug] [2019-05-10T22:12:32.290Z] >>> HTTP REQUEST GET https://mobilesdk-pa.googleapis.com/v1/projects/51202560735:getServerAppConfig  
 
[debug] [2019-05-10T22:12:32.698Z] <<< HTTP RESPONSE 200
[info] +  functions: Emulator started at http://localhost:5001
[info] i  functions: Watching "C:\Users\santy\Documents\GitHub\ModuloGestionMedicamentos\functions" for Cloud Functions...
[debug] [2019-05-10T22:12:33.404Z] Functions runtime initialized.
[debug] [2019-05-10T22:12:33.404Z] Disabled runtime features: {"functions_config_helper":true,"network_filtering":true,"timeout":true,"memory_limiting":true,"protect_env":true,"admin_stubs":true}
[warn] !  The Cloud Functions emulator requires the module "firebase-admin" to be installed. This package is in your package.json, but it's not available. You probably need to run "npm install" in your functions directory.
[info] i  functions: Your functions could not be parsed due to an issue with your node_modules (see above)
