[debug] [2019-06-28T18:02:57.397Z] ----------------------------------------------------------------------
[debug] [2019-06-28T18:02:57.399Z] Command:       C:\Program Files\nodejs\node.exe C:\Users\santy\AppData\Roaming\npm\node_modules\firebase-tools\lib\bin\firebase.js deploy
[debug] [2019-06-28T18:02:57.399Z] CLI Version:   7.0.2
[debug] [2019-06-28T18:02:57.399Z] Platform:      win32
[debug] [2019-06-28T18:02:57.399Z] Node Version:  v11.0.0
[debug] [2019-06-28T18:02:57.400Z] Time:          Fri Jun 28 2019 15:02:57 GMT-0300 (GMT-03:00)
[debug] [2019-06-28T18:02:57.400Z] ----------------------------------------------------------------------
[debug] 
[debug] [2019-06-28T18:02:57.410Z] > command requires scopes: ["email","openid","https://www.googleapis.com/auth/cloudplatformprojects.readonly","https://www.googleapis.com/auth/firebase","https://www.googleapis.com/auth/cloud-platform"]
[debug] [2019-06-28T18:02:57.411Z] > authorizing via signed-in user
[debug] [2019-06-28T18:02:57.411Z] [iam] checking project modulogestionmedicamentos for permissions ["cloudfunctions.functions.create","cloudfunctions.functions.delete","cloudfunctions.functions.get","cloudfunctions.functions.list","cloudfunctions.functions.update","cloudfunctions.operations.get","datastore.indexes.create","datastore.indexes.delete","datastore.indexes.list","datastore.indexes.update","firebase.projects.get","firebasedatabase.instances.update","firebasehosting.sites.update"]
[debug] [2019-06-28T18:02:57.413Z] >>> HTTP REQUEST POST https://cloudresourcemanager.googleapis.com/v1/projects/modulogestionmedicamentos:testIamPermissions  

[debug] [2019-06-28T18:02:58.831Z] <<< HTTP RESPONSE 200
[debug] [2019-06-28T18:02:58.837Z] >>> HTTP REQUEST GET https://firebase.googleapis.com/v1beta1/projects/modulogestionmedicamentos  
 
[debug] [2019-06-28T18:03:00.315Z] <<< HTTP RESPONSE 200
[info] 
[info] === Deploying to 'modulogestionmedicamentos'...
[info] 
[info] i  deploying database, firestore, functions, hosting
[info] i  database: checking rules syntax...
[debug] [2019-06-28T18:03:02.456Z] >>> HTTP REQUEST PUT https://modulogestionmedicamentos.firebaseio.com/.settings/rules.json?dryRun=true  
 {
  "rules": {
    ".read": false,
    ".write": false
  }
}
[debug] [2019-06-28T18:03:03.595Z] <<< HTTP RESPONSE 200
[info] +  database: rules syntax for database modulogestionmedicamentos is valid
[info] i  firestore: checking firestore.rules for compilation errors...
[info] i  firestore: reading indexes from firestore.indexes.json...
[debug] [2019-06-28T18:03:03.602Z] >>> HTTP REQUEST POST https://firebaserules.googleapis.com/v1/projects/modulogestionmedicamentos:test  

[debug] [2019-06-28T18:03:04.870Z] <<< HTTP RESPONSE 200
[info] +  firestore: rules file firestore.rules compiled successfully
[debug] [2019-06-28T18:03:04.879Z] > [functions] package.json contents: {
  "name": "functions",
  "description": "Cloud Functions for Firebase",
  "scripts": {
    "serve": "firebase serve --only functions",
    "shell": "firebase functions:shell",
    "start": "npm run shell",
    "deploy": "firebase deploy --only functions",
    "logs": "firebase functions:log"
  },
  "engines": {
    "node": "8"
  },
  "dependencies": {
    "cors": "^2.8.5",
    "express": "^4.16.4",
    "firebase-admin": "^7.3.0",
    "firebase-functions": "^3.0.2",
    "function": "^0.6.1",
    "morgan": "^1.9.1",
    "request-promise": "^4.2.4"
  },
  "private": true
}
[info] i  functions: ensuring necessary APIs are enabled...
[debug] [2019-06-28T18:03:04.883Z] >>> HTTP REQUEST GET https://servicemanagement.googleapis.com/v1/services/cloudfunctions.googleapis.com/projectSettings/modulogestionmedicamentos?view=CONSUMER_VIEW  
 
[debug] [2019-06-28T18:03:04.884Z] >>> HTTP REQUEST GET https://servicemanagement.googleapis.com/v1/services/runtimeconfig.googleapis.com/projectSettings/modulogestionmedicamentos?view=CONSUMER_VIEW  
 
[debug] [2019-06-28T18:03:06.817Z] <<< HTTP RESPONSE 200
[debug] [2019-06-28T18:03:06.844Z] <<< HTTP RESPONSE 200
[info] +  functions: all necessary APIs are enabled
[debug] [2019-06-28T18:03:06.849Z] >>> HTTP REQUEST GET https://cloudresourcemanager.googleapis.com/v1/projects/modulogestionmedicamentos  
 
[debug] [2019-06-28T18:03:08.130Z] <<< HTTP RESPONSE 200
[debug] [2019-06-28T18:03:08.132Z] >>> HTTP REQUEST GET https://mobilesdk-pa.googleapis.com/v1/projects/51202560735:getServerAppConfig  
 
[debug] [2019-06-28T18:03:08.738Z] <<< HTTP RESPONSE 200
[debug] [2019-06-28T18:03:08.742Z] >>> HTTP REQUEST POST https://firebasehosting.googleapis.com/v1beta1/sites/modulogestionmedicamentos/versions  

[debug] [2019-06-28T18:03:10.630Z] <<< HTTP RESPONSE 200
[info] i  firestore: uploading rules firestore.rules...
[debug] [2019-06-28T18:03:10.638Z] >>> HTTP REQUEST POST https://firebaserules.googleapis.com/v1/projects/modulogestionmedicamentos/rulesets  

[debug] [2019-06-28T18:03:10.640Z] >>> HTTP REQUEST GET https://firestore.googleapis.com/v1beta2/projects/modulogestionmedicamentos/databases/(default)/collectionGroups/-/indexes  
 
[debug] [2019-06-28T18:03:11.962Z] <<< HTTP RESPONSE 200
[debug] [2019-06-28T18:03:11.964Z] >>> HTTP REQUEST GET https://firestore.googleapis.com/v1beta2/projects/modulogestionmedicamentos/databases/(default)/collectionGroups/-/fields?filter=indexConfig.usesAncestorConfig=false  
 
[debug] [2019-06-28T18:03:12.039Z] <<< HTTP RESPONSE 200
[debug] [2019-06-28T18:03:12.040Z] [rules] created ruleset projects/modulogestionmedicamentos/rulesets/7d85e282-8c32-47b9-ab37-c7a3fbf8ab91
[debug] [2019-06-28T18:03:13.302Z] <<< HTTP RESPONSE 200
[info] +  firestore: deployed indexes in firestore.indexes.json successfully
[info] i  functions: preparing functions directory for uploading...
[debug] [2019-06-28T18:03:13.312Z] >>> HTTP REQUEST GET https://runtimeconfig.googleapis.com/v1beta1/projects/modulogestionmedicamentos/configs  
 
[debug] [2019-06-28T18:03:13.918Z] <<< HTTP RESPONSE 200
[info] i  functions: packaged functions (17.65 KB) for uploading
[debug] [2019-06-28T18:03:14.385Z] >>> HTTP REQUEST POST https://cloudfunctions.googleapis.com/v1/projects/modulogestionmedicamentos/locations/us-central1/functions:generateUploadUrl  
 
[debug] [2019-06-28T18:03:15.110Z] <<< HTTP RESPONSE 200
[debug] [2019-06-28T18:03:15.111Z] >>> HTTP REQUEST PUT https://storage.googleapis.com/gcf-upload-us-central1-4486411f-d1cc-4d74-85fb-8a053f2991b9/025fead4-4651-4cf6-8db4-96c382148eed.zip?GoogleAccessId=service-51202560735@gcf-admin-robot.iam.gserviceaccount.com&Expires=1561746795&Signature=rTFmhZ15Mm3hcjfM8RSl4XWmKssARi0FV2S1vXMLl7NV3uvsNICyTqXC18ZB8ywGjuwfDaGlpX4YJ8OtDj504XCna5%2Bk%2FQZDLA%2B4Yx4bGYdxLI%2BpJSr9JOxD5pcVHkaJ4WcTE6Wp%2BUyNnUkcX3P8DMwp%2B1NzI7HLbwvnrAhKgiJGmXSymNAgJG3V5nVeLo39ai2H%2FDnCS5welZeVVj6e0cu%2BTqOVhvTN4NZDG5QGjz2MLJvjRffYrG3kA8XbgXgSPRs9HkJMB97B2kM9C0T%2FxzJH%2FAZaiwkSBLN6TcOFXfPWVByHdGqo%2B3IGHHrQoFL8IcVVKSXTC%2FAsWsc%2FIn8Z1Q%3D%3D  

